{"/Users/liraz/IITC/09_September/04.09.2024/server.js": {"path":"/Users/liraz/IITC/09_September/04.09.2024/server.js","statementMap":{"0":{"start":{"line":1,"column":16},"end":{"line":1,"column":34}},"1":{"start":{"line":2,"column":12},"end":{"line":2,"column":28}},"2":{"start":{"line":3,"column":14},"end":{"line":3,"column":30}},"3":{"start":{"line":4,"column":0},"end":{"line":4,"column":27}},"4":{"start":{"line":6,"column":12},"end":{"line":6,"column":21}},"5":{"start":{"line":7,"column":13},"end":{"line":7,"column":17}},"6":{"start":{"line":9,"column":17},"end":{"line":24,"column":3}},"7":{"start":{"line":25,"column":0},"end":{"line":25,"column":40}},"8":{"start":{"line":25,"column":22},"end":{"line":25,"column":38}},"9":{"start":{"line":27,"column":0},"end":{"line":29,"column":1}},"10":{"start":{"line":28,"column":4},"end":{"line":28,"column":17}},"11":{"start":{"line":32,"column":0},"end":{"line":60,"column":3}},"12":{"start":{"line":33,"column":4},"end":{"line":59,"column":5}},"13":{"start":{"line":40,"column":23},"end":{"line":40,"column":78}},"14":{"start":{"line":41,"column":21},"end":{"line":44,"column":9}},"15":{"start":{"line":47,"column":25},"end":{"line":47,"column":101}},"16":{"start":{"line":49,"column":8},"end":{"line":52,"column":11}},"17":{"start":{"line":57,"column":8},"end":{"line":57,"column":40}},"18":{"start":{"line":58,"column":8},"end":{"line":58,"column":45}},"19":{"start":{"line":63,"column":0},"end":{"line":65,"column":3}},"20":{"start":{"line":64,"column":4},"end":{"line":64,"column":65}},"21":{"start":{"line":67,"column":0},"end":{"line":67,"column":21}}},"fnMap":{"0":{"name":"(anonymous_0)","decl":{"start":{"line":25,"column":10},"end":{"line":25,"column":11}},"loc":{"start":{"line":25,"column":21},"end":{"line":25,"column":39}},"line":25},"1":{"name":"(anonymous_1)","decl":{"start":{"line":27,"column":10},"end":{"line":27,"column":11}},"loc":{"start":{"line":27,"column":18},"end":{"line":29,"column":1}},"line":27},"2":{"name":"(anonymous_2)","decl":{"start":{"line":32,"column":17},"end":{"line":32,"column":18}},"loc":{"start":{"line":32,"column":37},"end":{"line":60,"column":1}},"line":32},"3":{"name":"(anonymous_3)","decl":{"start":{"line":63,"column":17},"end":{"line":63,"column":18}},"loc":{"start":{"line":63,"column":23},"end":{"line":65,"column":1}},"line":63}},"branchMap":{},"s":{"0":1,"1":1,"2":1,"3":1,"4":1,"5":1,"6":1,"7":1,"8":1,"9":1,"10":1,"11":1,"12":2,"13":2,"14":2,"15":2,"16":2,"17":0,"18":0,"19":1,"20":1,"21":1},"f":{"0":1,"1":1,"2":2,"3":1},"b":{},"_coverageSchema":"1a1c01bbd47fc00a2c39e90264f33305004495a9","hash":"5930d63e0420e0b396036b8fb04d06c3a1e63888"}
}
