{"/Users/liraz/IITC/09_September/05.09.2024/server.js": {"path":"/Users/liraz/IITC/09_September/05.09.2024/server.js","statementMap":{"0":{"start":{"line":1,"column":16},"end":{"line":1,"column":34}},"1":{"start":{"line":2,"column":14},"end":{"line":2,"column":30}},"2":{"start":{"line":3,"column":0},"end":{"line":3,"column":27}},"3":{"start":{"line":5,"column":12},"end":{"line":5,"column":21}},"4":{"start":{"line":6,"column":13},"end":{"line":6,"column":17}},"5":{"start":{"line":7,"column":16},"end":{"line":7,"column":42}},"6":{"start":{"line":9,"column":0},"end":{"line":9,"column":24}},"7":{"start":{"line":11,"column":0},"end":{"line":22,"column":3}},"8":{"start":{"line":12,"column":2},"end":{"line":21,"column":3}},"9":{"start":{"line":14,"column":21},"end":{"line":14,"column":59}},"10":{"start":{"line":15,"column":4},"end":{"line":15,"column":28}},"11":{"start":{"line":17,"column":4},"end":{"line":17,"column":61}},"12":{"start":{"line":18,"column":4},"end":{"line":20,"column":64}},"13":{"start":{"line":24,"column":0},"end":{"line":39,"column":3}},"14":{"start":{"line":25,"column":17},"end":{"line":25,"column":27}},"15":{"start":{"line":26,"column":2},"end":{"line":38,"column":3}},"16":{"start":{"line":28,"column":21},"end":{"line":28,"column":65}},"17":{"start":{"line":29,"column":4},"end":{"line":31,"column":5}},"18":{"start":{"line":30,"column":6},"end":{"line":30,"column":55}},"19":{"start":{"line":32,"column":4},"end":{"line":32,"column":28}},"20":{"start":{"line":34,"column":4},"end":{"line":34,"column":61}},"21":{"start":{"line":35,"column":4},"end":{"line":37,"column":64}},"22":{"start":{"line":41,"column":0},"end":{"line":73,"column":3}},"23":{"start":{"line":42,"column":2},"end":{"line":72,"column":3}},"24":{"start":{"line":43,"column":4},"end":{"line":43,"column":26}},"25":{"start":{"line":46,"column":24},"end":{"line":57,"column":5}},"26":{"start":{"line":59,"column":27},"end":{"line":59,"column":48}},"27":{"start":{"line":60,"column":21},"end":{"line":60,"column":66}},"28":{"start":{"line":62,"column":4},"end":{"line":65,"column":7}},"29":{"start":{"line":68,"column":4},"end":{"line":71,"column":7}},"30":{"start":{"line":75,"column":0},"end":{"line":77,"column":3}},"31":{"start":{"line":76,"column":2},"end":{"line":76,"column":63}},"32":{"start":{"line":79,"column":0},"end":{"line":79,"column":21}}},"fnMap":{"0":{"name":"(anonymous_0)","decl":{"start":{"line":11,"column":21},"end":{"line":11,"column":22}},"loc":{"start":{"line":11,"column":41},"end":{"line":22,"column":1}},"line":11},"1":{"name":"(anonymous_1)","decl":{"start":{"line":24,"column":25},"end":{"line":24,"column":26}},"loc":{"start":{"line":24,"column":45},"end":{"line":39,"column":1}},"line":24},"2":{"name":"(anonymous_2)","decl":{"start":{"line":41,"column":26},"end":{"line":41,"column":27}},"loc":{"start":{"line":41,"column":46},"end":{"line":73,"column":1}},"line":41},"3":{"name":"(anonymous_3)","decl":{"start":{"line":75,"column":17},"end":{"line":75,"column":18}},"loc":{"start":{"line":75,"column":23},"end":{"line":77,"column":1}},"line":75}},"branchMap":{"0":{"loc":{"start":{"line":19,"column":14},"end":{"line":19,"column":58}},"type":"cond-expr","locations":[{"start":{"line":19,"column":31},"end":{"line":19,"column":52}},{"start":{"line":19,"column":55},"end":{"line":19,"column":58}}],"line":19},"1":{"loc":{"start":{"line":20,"column":21},"end":{"line":20,"column":60}},"type":"binary-expr","locations":[{"start":{"line":20,"column":21},"end":{"line":20,"column":34}},{"start":{"line":20,"column":38},"end":{"line":20,"column":60}}],"line":20},"2":{"loc":{"start":{"line":29,"column":4},"end":{"line":31,"column":5}},"type":"if","locations":[{"start":{"line":29,"column":4},"end":{"line":31,"column":5}},{"start":{},"end":{}}],"line":29},"3":{"loc":{"start":{"line":36,"column":14},"end":{"line":36,"column":58}},"type":"cond-expr","locations":[{"start":{"line":36,"column":31},"end":{"line":36,"column":52}},{"start":{"line":36,"column":55},"end":{"line":36,"column":58}}],"line":36},"4":{"loc":{"start":{"line":37,"column":21},"end":{"line":37,"column":60}},"type":"binary-expr","locations":[{"start":{"line":37,"column":21},"end":{"line":37,"column":34}},{"start":{"line":37,"column":38},"end":{"line":37,"column":60}}],"line":37}},"s":{"0":1,"1":1,"2":1,"3":1,"4":1,"5":1,"6":1,"7":1,"8":2,"9":2,"10":2,"11":0,"12":0,"13":1,"14":3,"15":3,"16":3,"17":3,"18":1,"19":2,"20":0,"21":0,"22":1,"23":0,"24":0,"25":0,"26":0,"27":0,"28":0,"29":0,"30":1,"31":1,"32":1},"f":{"0":2,"1":3,"2":0,"3":1},"b":{"0":[0,0],"1":[0,0],"2":[1,2],"3":[0,0],"4":[0,0]},"_coverageSchema":"1a1c01bbd47fc00a2c39e90264f33305004495a9","hash":"b5ebef008126b879802948cea0c4537016e6ad2d"}
}
