TN:
SF:server.js
FN:11,(anonymous_0)
FN:24,(anonymous_1)
FN:41,(anonymous_2)
FN:75,(anonymous_3)
FNF:4
FNH:3
FNDA:2,(anonymous_0)
FNDA:3,(anonymous_1)
FNDA:0,(anonymous_2)
FNDA:1,(anonymous_3)
DA:1,1
DA:2,1
DA:3,1
DA:5,1
DA:6,1
DA:7,1
DA:9,1
DA:11,1
DA:12,2
DA:14,2
DA:15,2
DA:17,0
DA:18,0
DA:24,1
DA:25,3
DA:26,3
DA:28,3
DA:29,3
DA:30,1
DA:32,2
DA:34,0
DA:35,0
DA:41,1
DA:42,0
DA:43,0
DA:46,0
DA:59,0
DA:60,0
DA:62,0
DA:68,0
DA:75,1
DA:76,1
DA:79,1
LF:33
LH:22
BRDA:19,0,0,0
BRDA:19,0,1,0
BRDA:20,1,0,0
BRDA:20,1,1,0
BRDA:29,2,0,1
BRDA:29,2,1,2
BRDA:36,3,0,0
BRDA:36,3,1,0
BRDA:37,4,0,0
BRDA:37,4,1,0
BRF:10
BRH:2
end_of_record
